# JRE version: OpenJDK Runtime Environment (14.0.2+12) (build 14.0.2+12-46)
# Java VM: OpenJDK 64-Bit Server VM (14.0.2+12-46, mixed mode, sharing, tiered, compressed oops, g1 gc, windows-amd64)
Heap:
 garbage-first heap   total 131072K, used 23116K [0x0000000080400000, 0x0000000100000000)
  region size 1024K, 18 young (18432K), 7 survivors (7168K)
 Metaspace       used 20237K, capacity 20988K, committed 21120K, reserved 1069056K
  class space    used 2111K, capacity 2392K, committed 2432K, reserved 1048576K
GC Heap History (20 events):
Event: 3.007 GC heap before
{Heap before GC invocations=2 (full 0):
 garbage-first heap   total 131072K, used 28751K [0x0000000080400000, 0x0000000100000000)
  region size 1024K, 26 young (26624K), 2 survivors (2048K)
 Metaspace       used 12957K, capacity 13493K, committed 13824K, reserved 1060864K
  class space    used 1505K, capacity 1716K, committed 1792K, reserved 1048576K
}
Event: 3.018 GC heap after
{Heap after GC invocations=3 (full 0):
 garbage-first heap   total 131072K, used 6489K [0x0000000080400000, 0x0000000100000000)
  region size 1024K, 4 young (4096K), 4 survivors (4096K)
 Metaspace       used 12957K, capacity 13493K, committed 13824K, reserved 1060864K
  class space    used 1505K, capacity 1716K, committed 1792K, reserved 1048576K
}
Event: 130.106 GC heap before
{Heap before GC invocations=3 (full 0):
 garbage-first heap   total 131072K, used 79193K [0x0000000080400000, 0x0000000100000000)
  region size 1024K, 76 young (77824K), 4 survivors (4096K)
 Metaspace       used 17748K, capacity 18475K, committed 18560K, reserved 1064960K
  class space    used 2077K, capacity 2362K, committed 2432K, reserved 1048576K
}
Event: 130.117 GC heap after
{Heap after GC invocations=4 (full 0):
 garbage-first heap   total 131072K, used 7984K [0x0000000080400000, 0x0000000100000000)
  region size 1024K, 5 young (5120K), 5 survivors (5120K)
 Metaspace       used 17748K, capacity 18475K, committed 18560K, reserved 1064960K
  class space    used 2077K, capacity 2362K, committed 2432K, reserved 1048576K
}
Event: 283.040 GC heap before
{Heap before GC invocations=4 (full 0):
 garbage-first heap   total 131072K, used 79664K [0x0000000080400000, 0x0000000100000000)
  region size 1024K, 76 young (77824K), 5 survivors (5120K)
 Metaspace       used 18211K, capacity 18941K, committed 19072K, reserved 1067008K
  class space    used 2079K, capacity 2365K, committed 2432K, reserved 1048576K
}
Event: 283.050 GC heap after
{Heap after GC invocations=5 (full 0):
 garbage-first heap   total 131072K, used 8064K [0x0000000080400000, 0x0000000100000000)
  region size 1024K, 5 young (5120K), 5 survivors (5120K)
 Metaspace       used 18211K, capacity 18941K, committed 19072K, reserved 1067008K
  class space    used 2079K, capacity 2365K, committed 2432K, reserved 1048576K
}
Event: 440.848 GC heap before
{Heap before GC invocations=5 (full 0):
 garbage-first heap   total 131072K, used 79744K [0x0000000080400000, 0x0000000100000000)
  region size 1024K, 76 young (77824K), 5 survivors (5120K)
 Metaspace       used 18552K, capacity 19281K, committed 19584K, reserved 1067008K
  class space    used 2087K, capacity 2379K, committed 2432K, reserved 1048576K
}
Event: 440.857 GC heap after
{Heap after GC invocations=6 (full 0):
 garbage-first heap   total 131072K, used 8064K [0x0000000080400000, 0x0000000100000000)
  region size 1024K, 5 young (5120K), 5 survivors (5120K)
 Metaspace       used 18552K, capacity 19281K, committed 19584K, reserved 1067008K
  class space    used 2087K, capacity 2379K, committed 2432K, reserved 1048576K
}
Event: 605.969 GC heap before
{Heap before GC invocations=6 (full 0):
 garbage-first heap   total 131072K, used 80768K [0x0000000080400000, 0x0000000100000000)
  region size 1024K, 76 young (77824K), 5 survivors (5120K)
 Metaspace       used 18715K, capacity 19478K, committed 19584K, reserved 1067008K
  class space    used 2087K, capacity 2379K, committed 2432K, reserved 1048576K
}
Event: 605.982 GC heap after
{Heap after GC invocations=7 (full 0):
 garbage-first heap   total 131072K, used 8012K [0x0000000080400000, 0x0000000100000000)
  region size 1024K, 5 young (5120K), 5 survivors (5120K)
 Metaspace       used 18715K, capacity 19478K, committed 19584K, reserved 1067008K
  class space    used 2087K, capacity 2379K, committed 2432K, reserved 1048576K
}
Event: 766.866 GC heap before
{Heap before GC invocations=7 (full 0):
 garbage-first heap   total 131072K, used 80716K [0x0000000080400000, 0x0000000100000000)
  region size 1024K, 76 young (77824K), 5 survivors (5120K)
 Metaspace       used 18902K, capacity 19607K, committed 19840K, reserved 1067008K
  class space    used 2087K, capacity 2379K, committed 2432K, reserved 1048576K
}
Event: 766.876 GC heap after
{Heap after GC invocations=8 (full 0):
 garbage-first heap   total 131072K, used 8064K [0x0000000080400000, 0x0000000100000000)
  region size 1024K, 5 young (5120K), 5 survivors (5120K)
 Metaspace       used 18902K, capacity 19607K, committed 19840K, reserved 1067008K
  class space    used 2087K, capacity 2379K, committed 2432K, reserved 1048576K
}
Event: 928.292 GC heap before
{Heap before GC invocations=8 (full 0):
 garbage-first heap   total 131072K, used 79744K [0x0000000080400000, 0x0000000100000000)
  region size 1024K, 76 young (77824K), 5 survivors (5120K)
 Metaspace       used 19019K, capacity 19740K, committed 19840K, reserved 1067008K
  class space    used 2087K, capacity 2379K, committed 2432K, reserved 1048576K
}
Event: 928.303 GC heap after
{Heap after GC invocations=9 (full 0):
 garbage-first heap   total 131072K, used 8064K [0x0000000080400000, 0x0000000100000000)
  region size 1024K, 5 young (5120K), 5 survivors (5120K)
 Metaspace       used 19019K, capacity 19740K, committed 19840K, reserved 1067008K
  class space    used 2087K, capacity 2379K, committed 2432K, reserved 1048576K
}
Event: 1094.025 GC heap before
{Heap before GC invocations=9 (full 0):
 garbage-first heap   total 131072K, used 79744K [0x0000000080400000, 0x0000000100000000)
  region size 1024K, 76 young (77824K), 5 survivors (5120K)
 Metaspace       used 19496K, capacity 20228K, committed 20352K, reserved 1067008K
  class space    used 2109K, capacity 2391K, committed 2432K, reserved 1048576K
}
Event: 1094.036 GC heap after
{Heap after GC invocations=10 (full 0):
 garbage-first heap   total 131072K, used 8697K [0x0000000080400000, 0x0000000100000000)
  region size 1024K, 6 young (6144K), 6 survivors (6144K)
 Metaspace       used 19496K, capacity 20228K, committed 20352K, reserved 1067008K
  class space    used 2109K, capacity 2391K, committed 2432K, reserved 1048576K
}
Event: 1291.449 GC heap before
{Heap before GC invocations=10 (full 0):
 garbage-first heap   total 131072K, used 79353K [0x0000000080400000, 0x0000000100000000)
  region size 1024K, 76 young (77824K), 6 survivors (6144K)
 Metaspace       used 19888K, capacity 20593K, committed 20864K, reserved 1067008K
  class space    used 2110K, capacity 2392K, committed 2432K, reserved 1048576K
}
Event: 1291.462 GC heap after
{Heap after GC invocations=11 (full 0):
 garbage-first heap   total 131072K, used 10879K [0x0000000080400000, 0x0000000100000000)
  region size 1024K, 7 young (7168K), 7 survivors (7168K)
 Metaspace       used 19888K, capacity 20593K, committed 20864K, reserved 1067008K
  class space    used 2110K, capacity 2392K, committed 2432K, reserved 1048576K
}
Event: 2547.875 GC heap before
{Heap before GC invocations=11 (full 0):
 garbage-first heap   total 131072K, used 81535K [0x0000000080400000, 0x0000000100000000)
  region size 1024K, 76 young (77824K), 7 survivors (7168K)
 Metaspace       used 20129K, capacity 20858K, committed 21120K, reserved 1069056K
  class space    used 2111K, capacity 2392K, committed 2432K, reserved 1048576K
}
Event: 2547.898 GC heap after
{Heap after GC invocations=12 (full 0):
 garbage-first heap   total 131072K, used 12876K [0x0000000080400000, 0x0000000100000000)
  region size 1024K, 7 young (7168K), 7 survivors (7168K)
 Metaspace       used 20129K, capacity 20858K, committed 21120K, reserved 1069056K
  class space    used 2111K, capacity 2392K, committed 2432K, reserved 1048576K
}

